2023-12-29 05:28:56 Loading main app package /tmp/.mount_Obsidi0JyHTt/resources/obsidian.asar
2023-12-29 05:28:57 Checking for update using Github
2023-12-29 05:28:57 Success.
2023-12-29 05:28:57 Latest version is 1.5.3
2023-12-29 05:28:57 App is up to date.
2023-12-29 05:31:36 Loading main app package /tmp/.mount_Obsidi7uid4U/resources/obsidian.asar
2023-12-29 05:31:37 Checking for update using Github
2023-12-29 05:31:37 Success.
2023-12-29 05:31:37 Latest version is 1.5.3
2023-12-29 05:31:37 App is up to date.
2023-12-29 05:32:00 Loading main app package /tmp/.mount_ObsidiZKFdIe/resources/obsidian.asar
2023-12-29 05:32:01 Checking for update using Github
2023-12-29 05:32:01 Success.
2023-12-29 05:32:01 Latest version is 1.5.3
2023-12-29 05:32:01 App is up to date.
2023-12-29 06:32:00 Checking for update using Github
2023-12-29 06:32:01 Success.
2023-12-29 06:32:01 Latest version is 1.5.3
2023-12-29 06:32:01 App is up to date.
2023-12-29 07:32:00 Checking for update using Github
2023-12-29 07:32:01 Success.
2023-12-29 07:32:01 Latest version is 1.5.3
2023-12-29 07:32:01 App is up to date.
2023-12-29 08:32:00 Checking for update using Github
2023-12-29 08:32:01 Success.
2023-12-29 08:32:01 Latest version is 1.5.3
2023-12-29 08:32:01 App is up to date.
2023-12-29 09:32:01 Checking for update using Github
2023-12-29 09:32:01 Success.
2023-12-29 09:32:01 Latest version is 1.5.3
2023-12-29 09:32:01 App is up to date.
2023-12-29 09:57:06 Loading main app package /tmp/.mount_Obsidic5NNUF/resources/obsidian.asar
2023-12-29 09:57:07 Checking for update using Github
2023-12-29 10:32:01 Checking for update using Github
2023-12-29 10:32:02 Success.
2023-12-29 10:32:02 Latest version is 1.5.3
2023-12-29 10:32:02 App is up to date.
2023-12-29 11:32:01 Checking for update using Github
2023-12-29 11:32:01 Success.
2023-12-29 11:32:01 Latest version is 1.5.3
2023-12-29 11:32:01 App is up to date.
2023-12-29 12:32:01 Checking for update using Github
2023-12-29 12:32:01 Success.
2023-12-29 12:32:01 Latest version is 1.5.3
2023-12-29 12:32:01 App is up to date.
2023-12-29 13:32:01 Checking for update using Github
2023-12-29 13:32:01 Success.
2023-12-29 13:32:01 Latest version is 1.5.3
2023-12-29 13:32:01 App is up to date.
2023-12-29 14:32:01 Checking for update using Github
2023-12-29 14:32:02 Success.
2023-12-29 14:32:02 Latest version is 1.5.3
2023-12-29 14:32:02 App is up to date.
2023-12-29 15:32:01 Checking for update using Github
2023-12-29 15:32:02 Success.
2023-12-29 15:32:02 Latest version is 1.5.3
2023-12-29 15:32:02 App is up to date.
2023-12-29 16:19:27 Loading main app package /tmp/.mount_ObsidiKf0F65/resources/obsidian.asar
2023-12-29 16:19:28 Checking for update using Github
2023-12-29 16:19:29 Success.
2023-12-29 16:19:29 Latest version is 1.5.3
2023-12-29 16:19:29 App is up to date.
2023-12-29 16:49:51 Loading main app package /tmp/.mount_Obsidie2BKTO/resources/obsidian.asar
2023-12-29 16:49:52 Checking for update using Github
2023-12-29 16:49:52 Success.
2023-12-29 16:49:52 Latest version is 1.5.3
2023-12-29 16:49:52 App is up to date.
2023-12-29 16:56:06 Loading main app package /tmp/.mount_Obsidir31iJM/resources/obsidian.asar
2023-12-29 16:56:07 Checking for update using Github
2023-12-29 16:56:07 Success.
2023-12-29 16:56:07 Latest version is 1.5.3
2023-12-29 16:56:07 App is up to date.
2023-12-29 17:07:18 Loading main app package /tmp/.mount_ObsidihHgkk7/resources/obsidian.asar
2023-12-29 17:07:20 Checking for update using Github
2023-12-29 17:07:20 Success.
2023-12-29 17:07:20 Latest version is 1.5.3
2023-12-29 17:07:20 App is up to date.
2023-12-30 03:47:45 Checking for update using Github
2023-12-30 03:47:45 Success.
2023-12-30 03:47:45 Latest version is 1.5.3
2023-12-30 03:47:45 App is up to date.
2023-12-30 04:02:24 Loading main app package /tmp/.mount_ObsidiqGV7ct/resources/obsidian.asar
2023-12-30 04:02:24 Checking for update using Github
2023-12-30 04:02:25 Success.
2023-12-30 04:02:25 Latest version is 1.5.3
2023-12-30 04:02:25 App is up to date.
2023-12-30 05:02:25 Checking for update using Github
2023-12-30 05:02:26 Success.
2023-12-30 05:02:26 Latest version is 1.5.3
2023-12-30 05:02:26 App is up to date.
2023-12-30 06:02:25 Checking for update using Github
2023-12-30 06:02:26 Success.
2023-12-30 06:02:26 Latest version is 1.5.3
2023-12-30 06:02:26 App is up to date.
2023-12-30 07:02:26 Checking for update using Github
2023-12-30 07:02:26 Success.
2023-12-30 07:02:26 Latest version is 1.5.3
2023-12-30 07:02:26 App is up to date.
2023-12-30 08:02:26 Checking for update using Github
2023-12-30 08:02:26 Success.
2023-12-30 08:02:26 Latest version is 1.5.3
2023-12-30 08:02:26 App is up to date.
2023-12-30 09:02:26 Checking for update using Github
2023-12-30 09:02:26 Success.
2023-12-30 09:02:26 Latest version is 1.5.3
2023-12-30 09:02:26 App is up to date.
2023-12-30 10:02:26 Checking for update using Github
2023-12-30 10:02:26 Success.
2023-12-30 10:02:26 Latest version is 1.5.3
2023-12-30 10:02:26 App is up to date.
2023-12-30 11:02:26 Checking for update using Github
2023-12-30 11:02:26 Success.
2023-12-30 11:02:26 Latest version is 1.5.3
2023-12-30 11:02:26 App is up to date.
2023-12-30 12:02:26 Checking for update using Github
2023-12-30 12:02:26 Success.
2023-12-30 12:02:26 Latest version is 1.5.3
2023-12-30 12:02:26 App is up to date.
2023-12-30 13:02:26 Checking for update using Github
2023-12-30 13:02:26 Success.
2023-12-30 13:02:26 Latest version is 1.5.3
2023-12-30 13:02:26 App is up to date.
2023-12-30 14:02:26 Checking for update using Github
2023-12-30 14:02:27 Success.
2023-12-30 14:02:27 Latest version is 1.5.3
2023-12-30 14:02:27 App is up to date.
2023-12-30 15:02:26 Checking for update using Github
2023-12-30 15:02:26 Success.
2023-12-30 15:02:26 Latest version is 1.5.3
2023-12-30 15:02:26 App is up to date.
2023-12-30 16:02:26 Checking for update using Github
2023-12-30 16:02:26 Success.
2023-12-30 16:02:26 Latest version is 1.5.3
2023-12-30 16:02:26 App is up to date.
2023-12-30 16:20:43 Loading main app package /tmp/.mount_Obsidim1tTUb/resources/obsidian.asar
2023-12-30 16:20:44 Checking for update using Github
2023-12-30 16:20:45 Success.
2023-12-30 16:20:45 Latest version is 1.5.3
2023-12-30 16:20:45 App is up to date.
2023-12-30 16:21:31 Loading main app package /tmp/.mount_ObsidiVrEoId/resources/obsidian.asar
2023-12-30 16:21:32 Checking for update using Github
2023-12-30 16:21:32 Success.
2023-12-30 16:21:32 Latest version is 1.5.3
2023-12-30 16:21:32 App is up to date.
2023-12-30 17:21:31 Checking for update using Github
2023-12-30 17:21:32 Success.
2023-12-30 17:21:32 Latest version is 1.5.3
2023-12-30 17:21:32 App is up to date.
2023-12-31 01:40:36 Checking for update using Github
2023-12-31 01:40:36 Success.
2023-12-31 01:40:36 Latest version is 1.5.3
2023-12-31 01:40:36 App is up to date.
2023-12-31 02:02:59 Loading main app package /tmp/.mount_ObsidiYJY8Ez/resources/obsidian.asar
2023-12-31 02:03:00 Checking for update using Github
2023-12-31 02:03:00 Success.
2023-12-31 02:03:00 Latest version is 1.5.3
2023-12-31 02:03:00 App is up to date.
2023-12-31 05:54:04 Loading main app package /tmp/.mount_ObsidiSg4ks8/resources/obsidian.asar
2023-12-31 05:54:05 Checking for update using Github
2023-12-31 05:54:05 Success.
2023-12-31 05:54:05 Latest version is 1.5.3
2023-12-31 05:54:05 App is up to date.
2023-12-31 06:54:04 Checking for update using Github
2023-12-31 06:54:04 Success.
2023-12-31 06:54:04 Latest version is 1.5.3
2023-12-31 06:54:04 App is up to date.
2023-12-31 07:54:04 Checking for update using Github
2023-12-31 07:54:05 Success.
2023-12-31 07:54:05 Latest version is 1.5.3
2023-12-31 07:54:05 App is up to date.
2023-12-31 08:54:04 Checking for update using Github
2023-12-31 08:54:05 Success.
2023-12-31 08:54:05 Latest version is 1.5.3
2023-12-31 08:54:05 App is up to date.
2023-12-31 09:54:05 Checking for update using Github
2023-12-31 09:54:05 Success.
2023-12-31 09:54:05 Latest version is 1.5.3
2023-12-31 09:54:05 App is up to date.
2023-12-31 10:54:05 Checking for update using Github
2023-12-31 10:54:05 Success.
2023-12-31 10:54:05 Latest version is 1.5.3
2023-12-31 10:54:05 App is up to date.
2023-12-31 11:54:05 Checking for update using Github
2023-12-31 11:54:05 Success.
2023-12-31 11:54:05 Latest version is 1.5.3
2023-12-31 11:54:05 App is up to date.
2023-12-31 12:54:05 Checking for update using Github
2023-12-31 12:54:05 Success.
2023-12-31 12:54:05 Latest version is 1.5.3
2023-12-31 12:54:05 App is up to date.
2023-12-31 13:54:05 Checking for update using Github
2023-12-31 13:54:05 Success.
2023-12-31 13:54:05 Latest version is 1.5.3
2023-12-31 13:54:05 App is up to date.
2023-12-31 14:54:05 Checking for update using Github
2023-12-31 14:54:05 Success.
2023-12-31 14:54:05 Latest version is 1.5.3
2023-12-31 14:54:05 App is up to date.
2023-12-31 15:54:05 Checking for update using Github
2023-12-31 15:54:05 Success.
2023-12-31 15:54:05 Latest version is 1.5.3
2023-12-31 15:54:05 App is up to date.
2023-12-31 16:54:05 Checking for update using Github
2023-12-31 16:54:05 Success.
2023-12-31 16:54:05 Latest version is 1.5.3
2023-12-31 16:54:05 App is up to date.
2023-12-31 17:54:05 Checking for update using Github
2023-12-31 17:54:05 Success.
2023-12-31 17:54:05 Latest version is 1.5.3
2023-12-31 17:54:05 App is up to date.
2024-01-01 04:28:20 Loading main app package /tmp/.mount_ObsidiCGHSqu/resources/obsidian.asar
2024-01-01 04:28:20 Checking for update using Github
2024-01-01 04:28:20 Success.
2024-01-01 04:28:20 Latest version is 1.5.3
2024-01-01 04:28:20 App is up to date.
2024-01-01 05:28:20 Checking for update using Github
2024-01-01 05:28:20 Success.
2024-01-01 05:28:20 Latest version is 1.5.3
2024-01-01 05:28:20 App is up to date.
2024-01-01 06:28:20 Checking for update using Github
2024-01-01 06:28:20 Success.
2024-01-01 06:28:20 Latest version is 1.5.3
2024-01-01 06:28:20 App is up to date.
2024-01-01 07:28:20 Checking for update using Github
2024-01-01 07:28:20 Success.
2024-01-01 07:28:20 Latest version is 1.5.3
2024-01-01 07:28:20 App is up to date.
2024-01-01 08:28:20 Checking for update using Github
2024-01-01 08:28:20 Success.
2024-01-01 08:28:20 Latest version is 1.5.3
2024-01-01 08:28:20 App is up to date.
2024-01-01 09:28:20 Checking for update using Github
2024-01-01 09:28:20 Success.
2024-01-01 09:28:20 Latest version is 1.5.3
2024-01-01 09:28:20 App is up to date.
2024-01-01 10:28:20 Checking for update using Github
2024-01-01 10:28:21 Success.
2024-01-01 10:28:21 Latest version is 1.5.3
2024-01-01 10:28:21 App is up to date.
2024-01-01 11:28:20 Checking for update using Github
2024-01-01 11:28:20 Success.
2024-01-01 11:28:20 Latest version is 1.5.3
2024-01-01 11:28:20 App is up to date.
2024-01-01 12:28:20 Checking for update using Github
2024-01-01 12:28:20 Success.
2024-01-01 12:28:20 Latest version is 1.5.3
2024-01-01 12:28:20 App is up to date.
2024-01-01 13:28:20 Checking for update using Github
2024-01-01 13:28:20 Success.
2024-01-01 13:28:20 Latest version is 1.5.3
2024-01-01 13:28:20 App is up to date.
2024-01-01 14:28:20 Checking for update using Github
2024-01-01 14:28:21 Success.
2024-01-01 14:28:21 Latest version is 1.5.3
2024-01-01 14:28:21 App is up to date.
2024-01-01 15:28:20 Checking for update using Github
2024-01-01 15:28:21 Success.
2024-01-01 15:28:21 Latest version is 1.5.3
2024-01-01 15:28:21 App is up to date.
2024-01-01 16:28:20 Checking for update using Github
2024-01-01 16:28:21 Success.
2024-01-01 16:28:21 Latest version is 1.5.3
2024-01-01 16:28:21 App is up to date.
2024-01-01 17:28:21 Checking for update using Github
2024-01-01 17:28:21 Success.
2024-01-01 17:28:21 Latest version is 1.5.3
2024-01-01 17:28:21 App is up to date.
2024-01-01 18:28:21 Checking for update using Github
2024-01-01 18:28:21 Success.
2024-01-01 18:28:21 Latest version is 1.5.3
2024-01-01 18:28:21 App is up to date.
2024-01-02 05:50:59 Loading main app package /tmp/.mount_ObsidiwigleK/resources/obsidian.asar
2024-01-02 05:50:59 Checking for update using Github
2024-01-02 05:51:00 Success.
2024-01-02 05:51:00 Latest version is 1.5.3
2024-01-02 05:51:00 App is up to date.
2024-01-02 06:50:59 Checking for update using Github
2024-01-02 06:50:59 Success.
2024-01-02 06:50:59 Latest version is 1.5.3
2024-01-02 06:50:59 App is up to date.
2024-01-02 07:50:59 Checking for update using Github
2024-01-02 07:50:59 Success.
2024-01-02 07:50:59 Latest version is 1.5.3
2024-01-02 07:50:59 App is up to date.
2024-01-02 08:50:59 Checking for update using Github
2024-01-02 08:50:59 Success.
2024-01-02 08:50:59 Latest version is 1.5.3
2024-01-02 08:50:59 App is up to date.
2024-01-02 09:50:59 Checking for update using Github
2024-01-02 09:50:59 Success.
2024-01-02 09:50:59 Latest version is 1.5.3
2024-01-02 09:50:59 App is up to date.
2024-01-02 10:50:59 Checking for update using Github
2024-01-02 10:50:59 Success.
2024-01-02 10:50:59 Latest version is 1.5.3
2024-01-02 10:50:59 App is up to date.
2024-01-02 11:50:59 Checking for update using Github
2024-01-02 11:51:00 Success.
2024-01-02 11:51:00 Latest version is 1.5.3
2024-01-02 11:51:00 App is up to date.
2024-01-02 12:50:59 Checking for update using Github
2024-01-02 12:50:59 Success.
2024-01-02 12:50:59 Latest version is 1.5.3
2024-01-02 12:50:59 App is up to date.
2024-01-02 13:50:59 Checking for update using Github
2024-01-02 13:51:00 Success.
2024-01-02 13:51:00 Latest version is 1.5.3
2024-01-02 13:51:00 App is up to date.
2024-01-02 14:50:59 Checking for update using Github
2024-01-02 14:51:00 Success.
2024-01-02 14:51:00 Latest version is 1.5.3
2024-01-02 14:51:00 App is up to date.
2024-01-02 15:51:00 Checking for update using Github
2024-01-02 15:51:00 Success.
2024-01-02 15:51:00 Latest version is 1.5.3
2024-01-02 15:51:00 App is up to date.
2024-01-03 09:49:12 Loading main app package /tmp/.mount_ObsidixJfd0N/resources/obsidian.asar
2024-01-03 09:49:13 Checking for update using Github
2024-01-03 09:49:13 Failed to check for update using Github (net::ERR_INTERNET_DISCONNECTED)
2024-01-03 09:49:13 Checking for update using obsidian.md
2024-01-03 09:49:13 Failed to check for update using obsidian.md (net::ERR_INTERNET_DISCONNECTED)
2024-01-04 01:43:50 Loading main app package /tmp/.mount_ObsidiGK62fN/resources/obsidian.asar
2024-01-04 01:43:50 Checking for update using Github
2024-01-04 01:44:01 Success.
2024-01-04 01:44:01 Latest version is 1.5.3
2024-01-04 01:44:01 App is up to date.
2024-01-04 02:43:49 Checking for update using Github
2024-01-04 02:43:52 Success.
2024-01-04 02:43:52 Latest version is 1.5.3
2024-01-04 02:43:52 App is up to date.
2024-01-04 03:43:49 Checking for update using Github
2024-01-04 03:43:49 Failed to check for update using Github (net::ERR_INTERNET_DISCONNECTED)
2024-01-04 03:43:49 Checking for update using obsidian.md
2024-01-04 03:43:49 Failed to check for update using obsidian.md (net::ERR_INTERNET_DISCONNECTED)
2024-01-04 04:43:49 Checking for update using Github
2024-01-04 04:43:49 Failed to check for update using Github (net::ERR_INTERNET_DISCONNECTED)
2024-01-04 04:43:49 Checking for update using obsidian.md
2024-01-04 04:43:49 Failed to check for update using obsidian.md (net::ERR_INTERNET_DISCONNECTED)
2024-01-04 05:43:49 Checking for update using Github
2024-01-04 05:43:49 Failed to check for update using Github (net::ERR_INTERNET_DISCONNECTED)
2024-01-04 05:43:49 Checking for update using obsidian.md
2024-01-04 05:43:49 Failed to check for update using obsidian.md (net::ERR_INTERNET_DISCONNECTED)
2024-01-04 06:43:49 Checking for update using Github
2024-01-04 06:43:50 Success.
2024-01-04 06:43:50 Latest version is 1.5.3
2024-01-04 06:43:50 App is up to date.
2024-01-04 07:43:48 Checking for update using Github
2024-01-04 07:44:02 Success.
2024-01-04 07:44:02 Latest version is 1.5.3
2024-01-04 07:44:02 App is up to date.
2024-01-04 08:43:49 Checking for update using Github
2024-01-04 08:43:49 Failed to check for update using Github (net::ERR_CONNECTION_RESET)
2024-01-04 08:43:49 Checking for update using obsidian.md
2024-01-04 08:43:51 Success.
2024-01-04 08:43:51 Latest version is 1.5.3
2024-01-04 08:43:51 App is up to date.
2024-01-04 09:43:49 Checking for update using Github
2024-01-04 09:43:50 Success.
2024-01-04 09:43:50 Latest version is 1.5.3
2024-01-04 09:43:50 App is up to date.
2024-01-04 10:43:49 Checking for update using Github
2024-01-04 10:43:50 Failed to check for update using Github (net::ERR_CONNECTION_RESET)
2024-01-04 10:43:50 Checking for update using obsidian.md
2024-01-04 10:43:50 Success.
2024-01-04 10:43:50 Latest version is 1.5.3
2024-01-04 10:43:50 App is up to date.
2024-01-04 11:43:49 Checking for update using Github
2024-01-04 11:43:49 Success.
2024-01-04 11:43:49 Latest version is 1.5.3
2024-01-04 11:43:49 App is up to date.
2024-01-04 12:43:49 Checking for update using Github
2024-01-04 12:43:50 Failed to check for update using Github (net::ERR_CONNECTION_RESET)
2024-01-04 12:43:50 Checking for update using obsidian.md
2024-01-04 12:43:51 Success.
2024-01-04 12:43:51 Latest version is 1.5.3
2024-01-04 12:43:51 App is up to date.
2024-01-04 13:43:49 Checking for update using Github
2024-01-04 13:43:49 Failed to check for update using Github (net::ERR_INTERNET_DISCONNECTED)
2024-01-04 13:43:49 Checking for update using obsidian.md
2024-01-04 13:43:49 Success.
2024-01-04 13:43:49 Latest version is 1.5.3
2024-01-04 13:43:49 App is up to date.
2024-01-04 14:43:49 Checking for update using Github
2024-01-04 14:43:50 Failed to check for update using Github (net::ERR_CONNECTION_RESET)
2024-01-04 14:43:50 Checking for update using obsidian.md
2024-01-04 14:43:51 Success.
2024-01-04 14:43:51 Latest version is 1.5.3
2024-01-04 14:43:51 App is up to date.
2024-01-04 15:43:49 Checking for update using Github
2024-01-04 15:43:49 Success.
2024-01-04 15:43:49 Latest version is 1.5.3
2024-01-04 15:43:49 App is up to date.
2024-01-04 16:43:49 Checking for update using Github
2024-01-04 16:43:50 Success.
2024-01-04 16:43:50 Latest version is 1.5.3
2024-01-04 16:43:50 App is up to date.
2024-01-04 17:43:49 Checking for update using Github
2024-01-04 17:43:50 Failed to check for update using Github (net::ERR_CONNECTION_RESET)
2024-01-04 17:43:50 Checking for update using obsidian.md
2024-01-04 17:43:52 Success.
2024-01-04 17:43:52 Latest version is 1.5.3
2024-01-04 17:43:52 App is up to date.
2024-01-04 18:43:49 Checking for update using Github
2024-01-04 18:43:49 Failed to check for update using Github (net::ERR_INTERNET_DISCONNECTED)
2024-01-04 18:43:49 Checking for update using obsidian.md
2024-01-04 18:43:50 Success.
2024-01-04 18:43:50 Latest version is 1.5.3
2024-01-04 18:43:50 App is up to date.
2024-01-04 19:43:50 Checking for update using Github
2024-01-04 19:43:50 Failed to check for update using Github (net::ERR_INTERNET_DISCONNECTED)
2024-01-04 19:43:50 Checking for update using obsidian.md
2024-01-04 19:43:50 Failed to check for update using obsidian.md (net::ERR_INTERNET_DISCONNECTED)
2024-01-04 20:43:50 Checking for update using Github
2024-01-04 20:43:50 Failed to check for update using Github (net::ERR_INTERNET_DISCONNECTED)
2024-01-04 20:43:50 Checking for update using obsidian.md
2024-01-04 20:43:50 Failed to check for update using obsidian.md (net::ERR_INTERNET_DISCONNECTED)
2024-01-05 04:03:56 Loading main app package /tmp/.mount_ObsidiqDVa5b/resources/obsidian.asar
2024-01-05 04:03:57 Checking for update using Github
2024-01-05 04:03:57 Failed to check for update using Github (net::ERR_CONNECTION_RESET)
2024-01-05 04:03:57 Checking for update using obsidian.md
2024-01-05 04:03:58 Success.
2024-01-05 04:03:58 Latest version is 1.5.3
2024-01-05 04:03:58 App is up to date.
2024-01-05 05:03:55 Checking for update using Github
2024-01-05 05:03:57 Failed to check for update using Github (net::ERR_CONNECTION_RESET)
2024-01-05 05:03:57 Checking for update using obsidian.md
2024-01-05 05:03:57 Success.
2024-01-05 05:03:57 Latest version is 1.5.3
2024-01-05 05:03:57 App is up to date.
2024-01-05 06:03:56 Checking for update using Github
2024-01-05 06:03:56 Failed to check for update using Github (net::ERR_CONNECTION_RESET)
2024-01-05 06:03:56 Checking for update using obsidian.md
2024-01-05 06:03:57 Success.
2024-01-05 06:03:57 Latest version is 1.5.3
2024-01-05 06:03:57 App is up to date.
2024-01-05 12:47:17 Loading main app package /tmp/.mount_ObsidiU06LSc/resources/obsidian.asar
2024-01-05 12:47:18 Checking for update using Github
2024-01-05 12:47:19 Success.
2024-01-05 12:47:19 Latest version is 1.5.3
2024-01-05 12:47:19 App is up to date.
2024-01-05 13:47:17 Checking for update using Github
2024-01-05 13:47:36 Failed to check for update using Github (net::ERR_INTERNET_DISCONNECTED)
2024-01-05 13:47:36 Checking for update using obsidian.md
2024-01-05 13:47:38 Failed to check for update using obsidian.md (net::ERR_NETWORK_CHANGED)
2024-01-05 14:47:17 Checking for update using Github
2024-01-05 14:47:18 Success.
2024-01-05 14:47:18 Latest version is 1.5.3
2024-01-05 14:47:18 App is up to date.
2024-01-05 15:47:17 Checking for update using Github
2024-01-05 15:47:18 Success.
2024-01-05 15:47:18 Latest version is 1.5.3
2024-01-05 15:47:18 App is up to date.
2024-01-05 16:47:17 Checking for update using Github
2024-01-05 16:47:17 Failed to check for update using Github (net::ERR_INTERNET_DISCONNECTED)
2024-01-05 16:47:17 Checking for update using obsidian.md
2024-01-05 16:47:17 Failed to check for update using obsidian.md (net::ERR_INTERNET_DISCONNECTED)
2024-01-05 17:47:17 Checking for update using Github
2024-01-05 17:47:17 Failed to check for update using Github (net::ERR_INTERNET_DISCONNECTED)
2024-01-05 17:47:17 Checking for update using obsidian.md
2024-01-05 17:47:17 Failed to check for update using obsidian.md (net::ERR_INTERNET_DISCONNECTED)
2024-01-05 18:47:17 Checking for update using Github
2024-01-05 18:47:17 Failed to check for update using Github (net::ERR_INTERNET_DISCONNECTED)
2024-01-05 18:47:17 Checking for update using obsidian.md
2024-01-05 18:47:17 Failed to check for update using obsidian.md (net::ERR_INTERNET_DISCONNECTED)
2024-01-05 19:47:17 Checking for update using Github
2024-01-05 19:47:17 Failed to check for update using Github (net::ERR_INTERNET_DISCONNECTED)
2024-01-05 19:47:17 Checking for update using obsidian.md
2024-01-05 19:47:17 Failed to check for update using obsidian.md (net::ERR_INTERNET_DISCONNECTED)
2024-01-05 20:47:17 Checking for update using Github
2024-01-05 20:47:17 Failed to check for update using Github (net::ERR_INTERNET_DISCONNECTED)
2024-01-05 20:47:17 Checking for update using obsidian.md
2024-01-05 20:47:17 Failed to check for update using obsidian.md (net::ERR_INTERNET_DISCONNECTED)
2024-01-05 21:47:17 Checking for update using Github
2024-01-05 21:47:17 Failed to check for update using Github (net::ERR_INTERNET_DISCONNECTED)
2024-01-05 21:47:17 Checking for update using obsidian.md
2024-01-05 21:47:17 Failed to check for update using obsidian.md (net::ERR_INTERNET_DISCONNECTED)
2024-01-05 22:47:18 Checking for update using Github
2024-01-05 22:47:18 Failed to check for update using Github (net::ERR_INTERNET_DISCONNECTED)
2024-01-05 22:47:18 Checking for update using obsidian.md
2024-01-05 22:47:18 Failed to check for update using obsidian.md (net::ERR_INTERNET_DISCONNECTED)
2024-01-06 03:34:12 Loading main app package /tmp/.mount_ObsidinqKcls/resources/obsidian.asar
2024-01-06 03:34:12 Checking for update using Github
2024-01-06 03:34:12 Success.
2024-01-06 03:34:12 Latest version is 1.5.3
2024-01-06 03:34:12 App is up to date.
2024-01-06 04:34:12 Checking for update using Github
2024-01-06 04:34:12 Success.
2024-01-06 04:34:12 Latest version is 1.5.3
2024-01-06 04:34:12 App is up to date.
2024-01-06 05:34:12 Checking for update using Github
2024-01-06 05:34:12 Success.
2024-01-06 05:34:12 Latest version is 1.5.3
2024-01-06 05:34:12 App is up to date.
2024-01-06 06:34:12 Checking for update using Github
2024-01-06 06:34:12 Failed to check for update using Github (net::ERR_INTERNET_DISCONNECTED)
2024-01-06 06:34:12 Checking for update using obsidian.md
2024-01-06 06:34:12 Failed to check for update using obsidian.md (net::ERR_INTERNET_DISCONNECTED)
2024-01-06 07:34:12 Checking for update using Github
2024-01-06 07:34:12 Failed to check for update using Github (net::ERR_INTERNET_DISCONNECTED)
2024-01-06 07:34:12 Checking for update using obsidian.md
2024-01-06 07:34:12 Failed to check for update using obsidian.md (net::ERR_INTERNET_DISCONNECTED)
2024-01-06 08:34:12 Checking for update using Github
2024-01-06 08:34:12 Failed to check for update using Github (net::ERR_INTERNET_DISCONNECTED)
2024-01-06 08:34:12 Checking for update using obsidian.md
2024-01-06 08:34:12 Failed to check for update using obsidian.md (net::ERR_INTERNET_DISCONNECTED)
2024-01-06 09:34:12 Checking for update using Github
2024-01-06 09:34:12 Failed to check for update using Github (net::ERR_INTERNET_DISCONNECTED)
2024-01-06 09:34:12 Checking for update using obsidian.md
2024-01-06 09:34:12 Failed to check for update using obsidian.md (net::ERR_INTERNET_DISCONNECTED)
2024-01-06 10:34:12 Checking for update using Github
2024-01-06 10:34:12 Failed to check for update using Github (net::ERR_INTERNET_DISCONNECTED)
2024-01-06 10:34:12 Checking for update using obsidian.md
2024-01-06 10:34:12 Failed to check for update using obsidian.md (net::ERR_INTERNET_DISCONNECTED)
2024-01-06 11:34:12 Checking for update using Github
2024-01-06 11:34:12 Failed to check for update using Github (net::ERR_INTERNET_DISCONNECTED)
2024-01-06 11:34:12 Checking for update using obsidian.md
2024-01-06 11:34:12 Failed to check for update using obsidian.md (net::ERR_INTERNET_DISCONNECTED)
2024-01-06 12:34:12 Checking for update using Github
2024-01-06 12:34:12 Failed to check for update using Github (net::ERR_INTERNET_DISCONNECTED)
2024-01-06 12:34:12 Checking for update using obsidian.md
2024-01-06 12:34:12 Failed to check for update using obsidian.md (net::ERR_INTERNET_DISCONNECTED)
2024-01-07 08:34:13 Loading main app package /tmp/.mount_Obsidims75mK/resources/obsidian.asar
2024-01-07 08:34:13 Checking for update using Github
2024-01-07 08:34:14 Success.
2024-01-07 08:34:14 Latest version is 1.5.3
2024-01-07 08:34:14 App is up to date.
2024-01-07 08:42:09 Checking for update using Github
2024-01-07 08:42:10 Success.
2024-01-07 08:42:10 Latest version is 1.5.3
2024-01-07 08:42:10 App is up to date.
2024-01-07 09:34:13 Checking for update using Github
2024-01-07 09:34:13 Success.
2024-01-07 09:34:13 Latest version is 1.5.3
2024-01-07 09:34:13 App is up to date.
2024-01-07 10:34:13 Checking for update using Github
2024-01-07 10:34:13 Success.
2024-01-07 10:34:13 Latest version is 1.5.3
2024-01-07 10:34:13 App is up to date.
2024-01-07 11:34:13 Checking for update using Github
2024-01-07 11:34:14 Success.
2024-01-07 11:34:14 Latest version is 1.5.3
2024-01-07 11:34:14 App is up to date.
2024-01-07 12:34:13 Checking for update using Github
2024-01-07 12:34:13 Failed to check for update using Github (net::ERR_INTERNET_DISCONNECTED)
2024-01-07 12:34:13 Checking for update using obsidian.md
2024-01-07 12:34:13 Failed to check for update using obsidian.md (net::ERR_INTERNET_DISCONNECTED)
2024-01-07 13:34:15 Checking for update using Github
2024-01-07 13:34:16 Success.
2024-01-07 13:34:16 Latest version is 1.5.3
2024-01-07 13:34:16 App is up to date.
2024-01-07 14:34:15 Checking for update using Github
2024-01-07 14:34:17 Success.
2024-01-07 14:34:17 Latest version is 1.5.3
2024-01-07 14:34:17 App is up to date.
2024-01-07 15:34:15 Checking for update using Github
2024-01-07 15:34:15 Success.
2024-01-07 15:34:15 Latest version is 1.5.3
2024-01-07 15:34:15 App is up to date.
2024-01-07 16:34:15 Checking for update using Github
2024-01-07 16:34:15 Success.
2024-01-07 16:34:15 Latest version is 1.5.3
2024-01-07 16:34:15 App is up to date.
2024-01-07 17:34:15 Checking for update using Github
2024-01-07 17:34:30 Success.
2024-01-07 17:34:30 Latest version is 1.5.3
2024-01-07 17:34:30 App is up to date.
2024-01-08 00:17:00 Loading main app package /tmp/.mount_ObsidizLx6Hs/resources/obsidian.asar
2024-01-08 00:17:01 Checking for update using Github
2024-01-08 00:17:01 Success.
2024-01-08 00:17:01 Latest version is 1.5.3
2024-01-08 00:17:01 App is up to date.
2024-01-08 04:11:51 Loading main app package /tmp/.mount_ObsididMDU7X/resources/obsidian.asar
2024-01-08 04:11:53 Checking for update using Github
2024-01-08 04:11:54 Success.
2024-01-08 04:11:54 Latest version is 1.5.3
2024-01-08 04:11:54 App is up to date.
2024-01-08 05:11:51 Checking for update using Github
2024-01-08 05:12:02 Failed to check for update using Github (net::ERR_NETWORK_CHANGED)
2024-01-08 05:12:02 Checking for update using obsidian.md
2024-01-08 05:12:03 Failed to check for update using obsidian.md (net::ERR_NETWORK_CHANGED)
2024-01-08 06:11:52 Checking for update using Github
2024-01-08 06:12:05 Success.
2024-01-08 06:12:05 Latest version is 1.5.3
2024-01-08 06:12:05 App is up to date.
2024-01-08 07:11:52 Checking for update using Github
2024-01-08 07:11:52 Failed to check for update using Github (net::ERR_INTERNET_DISCONNECTED)
2024-01-08 07:11:52 Checking for update using obsidian.md
2024-01-08 07:11:52 Failed to check for update using obsidian.md (net::ERR_INTERNET_DISCONNECTED)
2024-01-08 08:11:52 Checking for update using Github
2024-01-08 08:11:52 Success.
2024-01-08 08:11:52 Latest version is 1.5.3
2024-01-08 08:11:52 App is up to date.
2024-01-08 09:11:52 Checking for update using Github
2024-01-08 09:11:52 Success.
2024-01-08 09:11:52 Latest version is 1.5.3
2024-01-08 09:11:52 App is up to date.
2024-01-08 10:11:52 Checking for update using Github
2024-01-08 10:11:52 Success.
2024-01-08 10:11:52 Latest version is 1.5.3
2024-01-08 10:11:52 App is up to date.
2024-01-08 11:11:52 Checking for update using Github
2024-01-08 11:11:53 Success.
2024-01-08 11:11:53 Latest version is 1.5.3
2024-01-08 11:11:53 App is up to date.
2024-01-08 12:11:52 Checking for update using Github
2024-01-08 12:11:53 Success.
2024-01-08 12:11:53 Latest version is 1.5.3
2024-01-08 12:11:53 App is up to date.
2024-01-08 13:11:52 Checking for update using Github
2024-01-08 13:11:53 Success.
2024-01-08 13:11:53 Latest version is 1.5.3
2024-01-08 13:11:53 App is up to date.
2024-01-08 14:11:52 Checking for update using Github
2024-01-08 14:11:52 Failed to check for update using Github (net::ERR_INTERNET_DISCONNECTED)
2024-01-08 14:11:52 Checking for update using obsidian.md
2024-01-08 14:11:52 Failed to check for update using obsidian.md (net::ERR_INTERNET_DISCONNECTED)
2024-01-08 15:11:52 Checking for update using Github
2024-01-08 15:11:52 Failed to check for update using Github (net::ERR_INTERNET_DISCONNECTED)
2024-01-08 15:11:52 Checking for update using obsidian.md
2024-01-08 15:11:52 Failed to check for update using obsidian.md (net::ERR_INTERNET_DISCONNECTED)
2024-01-08 16:11:52 Checking for update using Github
2024-01-08 16:11:52 Failed to check for update using Github (net::ERR_INTERNET_DISCONNECTED)
2024-01-08 16:11:52 Checking for update using obsidian.md
2024-01-08 16:11:52 Failed to check for update using obsidian.md (net::ERR_INTERNET_DISCONNECTED)
2024-01-08 17:11:52 Checking for update using Github
2024-01-08 17:11:52 Failed to check for update using Github (net::ERR_INTERNET_DISCONNECTED)
2024-01-08 17:11:52 Checking for update using obsidian.md
2024-01-08 17:11:52 Failed to check for update using obsidian.md (net::ERR_INTERNET_DISCONNECTED)
2024-01-08 18:11:52 Checking for update using Github
2024-01-08 18:11:53 Success.
2024-01-08 18:11:53 Latest version is 1.5.3
2024-01-08 18:11:53 App is up to date.
2024-01-09 12:09:36 Loading main app package /tmp/.mount_ObsidiIdgpWn/resources/obsidian.asar
2024-01-09 12:09:36 Checking for update using Github
2024-01-09 12:09:37 Success.
2024-01-09 12:09:37 Latest version is 1.5.3
2024-01-09 12:09:37 App is up to date.
2024-01-09 13:09:36 Checking for update using Github
2024-01-09 13:09:37 Success.
2024-01-09 13:09:37 Latest version is 1.5.3
2024-01-09 13:09:37 App is up to date.
2024-01-09 14:09:36 Checking for update using Github
2024-01-09 14:09:36 Failed to check for update using Github (net::ERR_INTERNET_DISCONNECTED)
2024-01-09 14:09:36 Checking for update using obsidian.md
2024-01-09 14:09:36 Failed to check for update using obsidian.md (net::ERR_INTERNET_DISCONNECTED)
2024-01-09 15:09:36 Checking for update using Github
2024-01-09 15:09:36 Success.
2024-01-09 15:09:36 Latest version is 1.5.3
2024-01-09 15:09:36 App is up to date.
2024-01-10 04:23:50 Loading main app package /tmp/.mount_ObsidiQ2mM5F/resources/obsidian.asar
2024-01-10 04:23:50 Checking for update using Github
2024-01-10 04:23:51 Success.
2024-01-10 04:23:51 Latest version is 1.5.3
2024-01-10 04:23:51 App is up to date.
2024-01-10 05:23:50 Checking for update using Github
2024-01-10 05:23:52 Success.
2024-01-10 05:23:52 Latest version is 1.5.3
2024-01-10 05:23:52 App is up to date.
2024-01-10 06:23:50 Checking for update using Github
2024-01-10 06:23:50 Success.
2024-01-10 06:23:50 Latest version is 1.5.3
2024-01-10 06:23:50 App is up to date.
2024-01-10 07:23:50 Checking for update using Github
2024-01-10 07:23:50 Failed to check for update using Github (net::ERR_INTERNET_DISCONNECTED)
2024-01-10 07:23:50 Checking for update using obsidian.md
2024-01-10 07:23:50 Failed to check for update using obsidian.md (net::ERR_INTERNET_DISCONNECTED)
2024-01-10 08:23:50 Checking for update using Github
2024-01-10 08:23:50 Failed to check for update using Github (net::ERR_INTERNET_DISCONNECTED)
2024-01-10 08:23:50 Checking for update using obsidian.md
2024-01-10 08:23:50 Failed to check for update using obsidian.md (net::ERR_INTERNET_DISCONNECTED)
2024-01-10 09:23:50 Checking for update using Github
2024-01-10 09:23:51 Success.
2024-01-10 09:23:51 Latest version is 1.5.3
2024-01-10 09:23:51 App is up to date.
2024-01-10 10:23:50 Checking for update using Github
2024-01-10 10:23:50 Failed to check for update using Github (net::ERR_INTERNET_DISCONNECTED)
2024-01-10 10:23:50 Checking for update using obsidian.md
2024-01-10 10:23:50 Failed to check for update using obsidian.md (net::ERR_INTERNET_DISCONNECTED)
2024-01-10 11:23:51 Checking for update using Github
2024-01-10 11:23:51 Failed to check for update using Github (net::ERR_INTERNET_DISCONNECTED)
2024-01-10 11:23:51 Checking for update using obsidian.md
2024-01-10 11:23:51 Failed to check for update using obsidian.md (net::ERR_INTERNET_DISCONNECTED)
2024-01-10 12:23:51 Checking for update using Github
2024-01-10 12:23:51 Failed to check for update using Github (net::ERR_INTERNET_DISCONNECTED)
2024-01-10 12:23:51 Checking for update using obsidian.md
2024-01-10 12:23:51 Failed to check for update using obsidian.md (net::ERR_INTERNET_DISCONNECTED)
2024-01-10 13:23:48 Checking for update using Github
2024-01-10 13:23:49 Success.
2024-01-10 13:23:49 Latest version is 1.5.3
2024-01-10 13:23:49 App is up to date.
2024-01-10 14:24:03 Loading main app package /tmp/.mount_ObsidiWRDRd1/resources/obsidian.asar
2024-01-10 14:24:04 Checking for update using Github
2024-01-10 14:24:05 Success.
2024-01-10 14:24:05 Latest version is 1.5.3
2024-01-10 14:24:05 App is up to date.
2024-01-10 15:24:03 Checking for update using Github
2024-01-10 15:24:03 Failed to check for update using Github (net::ERR_INTERNET_DISCONNECTED)
2024-01-10 15:24:03 Checking for update using obsidian.md
2024-01-10 15:24:03 Failed to check for update using obsidian.md (net::ERR_INTERNET_DISCONNECTED)
2024-01-10 16:24:03 Checking for update using Github
2024-01-10 16:24:03 Failed to check for update using Github (net::ERR_INTERNET_DISCONNECTED)
2024-01-10 16:24:03 Checking for update using obsidian.md
2024-01-10 16:24:03 Failed to check for update using obsidian.md (net::ERR_INTERNET_DISCONNECTED)
2024-01-10 17:24:04 Checking for update using Github
2024-01-10 17:24:04 Failed to check for update using Github (net::ERR_INTERNET_DISCONNECTED)
2024-01-10 17:24:04 Checking for update using obsidian.md
2024-01-10 17:24:04 Failed to check for update using obsidian.md (net::ERR_INTERNET_DISCONNECTED)
2024-01-10 18:24:04 Checking for update using Github
2024-01-10 18:24:04 Failed to check for update using Github (net::ERR_INTERNET_DISCONNECTED)
2024-01-10 18:24:04 Checking for update using obsidian.md
2024-01-10 18:24:04 Failed to check for update using obsidian.md (net::ERR_INTERNET_DISCONNECTED)
2024-01-10 19:24:04 Checking for update using Github
2024-01-10 19:24:04 Failed to check for update using Github (net::ERR_INTERNET_DISCONNECTED)
2024-01-10 19:24:04 Checking for update using obsidian.md
2024-01-10 19:24:04 Failed to check for update using obsidian.md (net::ERR_INTERNET_DISCONNECTED)
2024-01-10 20:24:04 Checking for update using Github
2024-01-10 20:24:04 Failed to check for update using Github (net::ERR_INTERNET_DISCONNECTED)
2024-01-10 20:24:04 Checking for update using obsidian.md
2024-01-10 20:24:04 Failed to check for update using obsidian.md (net::ERR_INTERNET_DISCONNECTED)
2024-01-10 21:24:04 Checking for update using Github
2024-01-10 21:24:04 Failed to check for update using Github (net::ERR_INTERNET_DISCONNECTED)
2024-01-10 21:24:04 Checking for update using obsidian.md
2024-01-10 21:24:04 Failed to check for update using obsidian.md (net::ERR_INTERNET_DISCONNECTED)
2024-01-10 22:24:04 Checking for update using Github
2024-01-10 22:24:04 Failed to check for update using Github (net::ERR_INTERNET_DISCONNECTED)
2024-01-10 22:24:04 Checking for update using obsidian.md
2024-01-10 22:24:04 Failed to check for update using obsidian.md (net::ERR_INTERNET_DISCONNECTED)
2024-01-10 23:24:04 Checking for update using Github
2024-01-10 23:24:04 Failed to check for update using Github (net::ERR_INTERNET_DISCONNECTED)
2024-01-10 23:24:04 Checking for update using obsidian.md
2024-01-10 23:24:04 Failed to check for update using obsidian.md (net::ERR_INTERNET_DISCONNECTED)
2024-01-11 00:24:04 Checking for update using Github
2024-01-11 00:24:04 Failed to check for update using Github (net::ERR_INTERNET_DISCONNECTED)
2024-01-11 00:24:04 Checking for update using obsidian.md
2024-01-11 00:24:04 Failed to check for update using obsidian.md (net::ERR_INTERNET_DISCONNECTED)
2024-01-11 01:24:04 Checking for update using Github
2024-01-11 01:24:04 Failed to check for update using Github (net::ERR_INTERNET_DISCONNECTED)
2024-01-11 01:24:04 Checking for update using obsidian.md
2024-01-11 01:24:04 Failed to check for update using obsidian.md (net::ERR_INTERNET_DISCONNECTED)
2024-01-11 02:24:05 Checking for update using Github
2024-01-11 02:24:06 Success.
2024-01-11 02:24:06 Latest version is 1.5.3
2024-01-11 02:24:06 App is up to date.
2024-01-11 03:24:05 Checking for update using Github
2024-01-11 03:24:06 Success.
2024-01-11 03:24:06 Latest version is 1.5.3
2024-01-11 03:24:06 App is up to date.
2024-01-11 04:24:05 Checking for update using Github
2024-01-11 04:24:05 Failed to check for update using Github (net::ERR_INTERNET_DISCONNECTED)
2024-01-11 04:24:05 Checking for update using obsidian.md
2024-01-11 04:24:05 Failed to check for update using obsidian.md (net::ERR_INTERNET_DISCONNECTED)
2024-01-11 05:24:05 Checking for update using Github
2024-01-11 05:24:05 Failed to check for update using Github (net::ERR_INTERNET_DISCONNECTED)
2024-01-11 05:24:05 Checking for update using obsidian.md
2024-01-11 05:24:05 Failed to check for update using obsidian.md (net::ERR_INTERNET_DISCONNECTED)
2024-01-11 10:01:09 Loading main app package /tmp/.mount_Obsidi1biShb/resources/obsidian.asar
2024-01-11 10:01:10 Checking for update using Github
2024-01-11 10:01:11 Success.
2024-01-11 10:01:11 Latest version is 1.5.3
2024-01-11 10:01:11 App is up to date.
2024-01-12 03:22:11 Loading main app package /tmp/.mount_Obsidi8PXOk9/resources/obsidian.asar
2024-01-12 03:22:12 Checking for update using Github
2024-01-12 03:22:13 Success.
2024-01-12 03:22:13 Latest version is 1.5.3
2024-01-12 03:22:13 App is up to date.
2024-01-12 03:28:37 Loading main app package /tmp/.mount_ObsidiGEcMus/resources/obsidian.asar
2024-01-12 03:28:38 Checking for update using Github
2024-01-12 03:28:39 Success.
2024-01-12 03:28:39 Latest version is 1.5.3
2024-01-12 03:28:39 App is up to date.
2024-01-12 04:28:37 Checking for update using Github
2024-01-12 04:28:37 Success.
2024-01-12 04:28:37 Latest version is 1.5.3
2024-01-12 04:28:37 App is up to date.
2024-01-12 05:28:37 Checking for update using Github
2024-01-12 05:28:39 Success.
2024-01-12 05:28:39 Latest version is 1.5.3
2024-01-12 05:28:39 App is up to date.
2024-01-12 06:28:37 Checking for update using Github
2024-01-12 06:28:37 Success.
2024-01-12 06:28:37 Latest version is 1.5.3
2024-01-12 06:28:37 App is up to date.
2024-01-12 14:13:37 Loading main app package /tmp/.mount_ObsiditMq2VS/resources/obsidian.asar
2024-01-12 14:13:38 Checking for update using Github
2024-01-12 14:13:38 Success.
2024-01-12 14:13:38 Latest version is 1.5.3
2024-01-12 14:13:38 App is up to date.
2024-01-12 15:13:37 Checking for update using Github
2024-01-12 15:13:38 Success.
2024-01-12 15:13:38 Latest version is 1.5.3
2024-01-12 15:13:38 App is up to date.
2024-01-12 16:13:37 Checking for update using Github
2024-01-12 16:13:38 Success.
2024-01-12 16:13:38 Latest version is 1.5.3
2024-01-12 16:13:38 App is up to date.
2024-01-12 17:13:37 Checking for update using Github
2024-01-12 17:13:37 Failed to check for update using Github (net::ERR_INTERNET_DISCONNECTED)
2024-01-12 17:13:37 Checking for update using obsidian.md
2024-01-12 17:13:37 Failed to check for update using obsidian.md (net::ERR_INTERNET_DISCONNECTED)
2024-01-12 18:13:37 Checking for update using Github
2024-01-12 18:13:37 Failed to check for update using Github (net::ERR_INTERNET_DISCONNECTED)
2024-01-12 18:13:37 Checking for update using obsidian.md
2024-01-12 18:13:37 Failed to check for update using obsidian.md (net::ERR_INTERNET_DISCONNECTED)
2024-01-12 19:13:38 Checking for update using Github
2024-01-12 19:13:38 Failed to check for update using Github (net::ERR_INTERNET_DISCONNECTED)
2024-01-12 19:13:38 Checking for update using obsidian.md
2024-01-12 19:13:38 Failed to check for update using obsidian.md (net::ERR_INTERNET_DISCONNECTED)
2024-01-12 20:13:38 Checking for update using Github
2024-01-12 20:13:38 Failed to check for update using Github (net::ERR_INTERNET_DISCONNECTED)
2024-01-12 20:13:38 Checking for update using obsidian.md
2024-01-12 20:13:38 Failed to check for update using obsidian.md (net::ERR_INTERNET_DISCONNECTED)
2024-01-12 21:13:38 Checking for update using Github
2024-01-12 21:13:38 Failed to check for update using Github (net::ERR_INTERNET_DISCONNECTED)
2024-01-12 21:13:38 Checking for update using obsidian.md
2024-01-12 21:13:38 Failed to check for update using obsidian.md (net::ERR_INTERNET_DISCONNECTED)
2024-01-12 22:13:38 Checking for update using Github
2024-01-12 22:13:38 Failed to check for update using Github (net::ERR_INTERNET_DISCONNECTED)
2024-01-12 22:13:38 Checking for update using obsidian.md
2024-01-12 22:13:38 Failed to check for update using obsidian.md (net::ERR_INTERNET_DISCONNECTED)
2024-01-12 23:13:38 Checking for update using Github
2024-01-12 23:13:38 Failed to check for update using Github (net::ERR_INTERNET_DISCONNECTED)
2024-01-12 23:13:38 Checking for update using obsidian.md
2024-01-12 23:13:38 Failed to check for update using obsidian.md (net::ERR_INTERNET_DISCONNECTED)
2024-01-13 00:13:38 Checking for update using Github
2024-01-13 00:13:38 Failed to check for update using Github (net::ERR_INTERNET_DISCONNECTED)
2024-01-13 00:13:38 Checking for update using obsidian.md
2024-01-13 00:13:38 Failed to check for update using obsidian.md (net::ERR_INTERNET_DISCONNECTED)
2024-01-13 01:13:38 Checking for update using Github
2024-01-13 01:13:38 Failed to check for update using Github (net::ERR_INTERNET_DISCONNECTED)
2024-01-13 01:13:38 Checking for update using obsidian.md
2024-01-13 01:13:38 Failed to check for update using obsidian.md (net::ERR_INTERNET_DISCONNECTED)
2024-01-13 02:13:38 Checking for update using Github
2024-01-13 02:13:38 Failed to check for update using Github (net::ERR_INTERNET_DISCONNECTED)
2024-01-13 02:13:38 Checking for update using obsidian.md
2024-01-13 02:13:38 Failed to check for update using obsidian.md (net::ERR_INTERNET_DISCONNECTED)
2024-01-13 03:13:38 Checking for update using Github
2024-01-13 03:13:38 Failed to check for update using Github (net::ERR_INTERNET_DISCONNECTED)
2024-01-13 03:13:38 Checking for update using obsidian.md
2024-01-13 03:13:38 Failed to check for update using obsidian.md (net::ERR_INTERNET_DISCONNECTED)
2024-01-13 04:13:23 Checking for update using Github
2024-01-13 04:13:24 Success.
2024-01-13 04:13:24 Latest version is 1.5.3
2024-01-13 04:13:24 App is up to date.
2024-01-13 04:42:13 Loading main app package /tmp/.mount_Obsidi8FVJgg/resources/obsidian.asar
2024-01-13 04:42:14 Checking for update using Github
2024-01-13 04:42:14 Success.
2024-01-13 04:42:14 Latest version is 1.5.3
2024-01-13 04:42:14 App is up to date.
2024-01-13 05:42:13 Checking for update using Github
2024-01-13 05:42:14 Success.
2024-01-13 05:42:14 Latest version is 1.5.3
2024-01-13 05:42:14 App is up to date.
2024-01-13 06:42:13 Checking for update using Github
2024-01-13 06:42:13 Failed to check for update using Github (net::ERR_INTERNET_DISCONNECTED)
2024-01-13 06:42:13 Checking for update using obsidian.md
2024-01-13 06:42:13 Failed to check for update using obsidian.md (net::ERR_INTERNET_DISCONNECTED)
2024-01-13 07:42:13 Checking for update using Github
2024-01-13 07:42:13 Failed to check for update using Github (net::ERR_INTERNET_DISCONNECTED)
2024-01-13 07:42:13 Checking for update using obsidian.md
2024-01-13 07:42:13 Failed to check for update using obsidian.md (net::ERR_INTERNET_DISCONNECTED)
2024-01-13 08:42:13 Checking for update using Github
2024-01-13 08:42:13 Failed to check for update using Github (net::ERR_INTERNET_DISCONNECTED)
2024-01-13 08:42:13 Checking for update using obsidian.md
2024-01-13 08:42:13 Failed to check for update using obsidian.md (net::ERR_INTERNET_DISCONNECTED)
2024-01-13 09:42:13 Checking for update using Github
2024-01-13 09:42:13 Failed to check for update using Github (net::ERR_INTERNET_DISCONNECTED)
2024-01-13 09:42:13 Checking for update using obsidian.md
2024-01-13 09:42:13 Failed to check for update using obsidian.md (net::ERR_INTERNET_DISCONNECTED)
2024-01-13 10:42:14 Checking for update using Github
2024-01-13 10:42:14 Failed to check for update using Github (net::ERR_INTERNET_DISCONNECTED)
2024-01-13 10:42:14 Checking for update using obsidian.md
2024-01-13 10:42:14 Failed to check for update using obsidian.md (net::ERR_INTERNET_DISCONNECTED)
2024-01-13 11:42:14 Checking for update using Github
2024-01-13 11:42:14 Success.
2024-01-13 11:42:14 Latest version is 1.5.3
2024-01-13 11:42:14 App is up to date.
2024-01-13 12:42:14 Checking for update using Github
2024-01-13 12:42:14 Success.
2024-01-13 12:42:14 Latest version is 1.5.3
2024-01-13 12:42:14 App is up to date.
2024-01-13 13:42:14 Checking for update using Github
2024-01-13 13:42:15 Success.
2024-01-13 13:42:15 Latest version is 1.5.3
2024-01-13 13:42:15 App is up to date.
2024-01-13 14:42:14 Checking for update using Github
2024-01-13 14:42:14 Failed to check for update using Github (net::ERR_INTERNET_DISCONNECTED)
2024-01-13 14:42:14 Checking for update using obsidian.md
2024-01-13 14:42:14 Failed to check for update using obsidian.md (net::ERR_INTERNET_DISCONNECTED)
2024-01-13 15:42:14 Checking for update using Github
2024-01-13 15:42:14 Failed to check for update using Github (net::ERR_INTERNET_DISCONNECTED)
2024-01-13 15:42:14 Checking for update using obsidian.md
2024-01-13 15:42:14 Failed to check for update using obsidian.md (net::ERR_INTERNET_DISCONNECTED)
2024-01-13 16:42:14 Checking for update using Github
2024-01-13 16:42:14 Failed to check for update using Github (net::ERR_INTERNET_DISCONNECTED)
2024-01-13 16:42:14 Checking for update using obsidian.md
2024-01-13 16:42:14 Failed to check for update using obsidian.md (net::ERR_INTERNET_DISCONNECTED)
2024-01-13 17:42:14 Checking for update using Github
2024-01-13 17:42:14 Failed to check for update using Github (net::ERR_INTERNET_DISCONNECTED)
2024-01-13 17:42:14 Checking for update using obsidian.md
2024-01-13 17:42:14 Failed to check for update using obsidian.md (net::ERR_INTERNET_DISCONNECTED)
2024-01-15 08:08:06 Loading main app package /tmp/.mount_ObsidibtuJRU/resources/obsidian.asar
2024-01-15 08:08:07 Checking for update using Github
2024-01-15 08:08:08 Success.
2024-01-15 08:08:08 Latest version is 1.5.3
2024-01-15 08:08:08 App is up to date.
2024-01-15 09:08:06 Checking for update using Github
2024-01-15 09:08:08 Success.
2024-01-15 09:08:08 Latest version is 1.5.3
2024-01-15 09:08:08 App is up to date.
2024-01-15 10:08:06 Checking for update using Github
2024-01-15 10:08:06 Failed to check for update using Github (net::ERR_INTERNET_DISCONNECTED)
2024-01-15 10:08:06 Checking for update using obsidian.md
2024-01-15 10:08:06 Failed to check for update using obsidian.md (net::ERR_INTERNET_DISCONNECTED)
2024-01-15 11:08:06 Checking for update using Github
2024-01-15 11:08:07 Success.
2024-01-15 11:08:07 Latest version is 1.5.3
2024-01-15 11:08:07 App is up to date.
2024-01-15 12:08:07 Checking for update using Github
2024-01-15 12:08:07 Failed to check for update using Github (net::ERR_INTERNET_DISCONNECTED)
2024-01-15 12:08:07 Checking for update using obsidian.md
2024-01-15 12:08:07 Failed to check for update using obsidian.md (net::ERR_INTERNET_DISCONNECTED)
2024-01-15 13:08:07 Checking for update using Github
2024-01-15 13:08:07 Failed to check for update using Github (net::ERR_INTERNET_DISCONNECTED)
2024-01-15 13:08:07 Checking for update using obsidian.md
2024-01-15 13:08:07 Failed to check for update using obsidian.md (net::ERR_INTERNET_DISCONNECTED)
2024-01-15 14:08:07 Checking for update using Github
2024-01-15 14:08:07 Failed to check for update using Github (net::ERR_INTERNET_DISCONNECTED)
2024-01-15 14:08:07 Checking for update using obsidian.md
2024-01-15 14:08:07 Failed to check for update using obsidian.md (net::ERR_INTERNET_DISCONNECTED)
2024-01-25 11:41:50 Loading main app package /tmp/.mount_Obsidi4ldJ86/resources/obsidian.asar
2024-01-25 11:41:51 Checking for update using Github
2024-01-25 11:41:52 Success.
2024-01-25 11:41:52 Latest version is 1.5.3
2024-01-25 11:41:52 App is up to date.
2024-01-25 12:41:50 Checking for update using Github
2024-01-25 12:41:51 Success.
2024-01-25 12:41:51 Latest version is 1.5.3
2024-01-25 12:41:51 App is up to date.
2024-01-25 13:41:51 Checking for update using Github
2024-01-25 13:42:09 Failed to check for update using Github (net::ERR_NAME_NOT_RESOLVED)
2024-01-25 13:42:09 Checking for update using obsidian.md
2024-01-25 13:42:10 Success.
2024-01-25 13:42:10 Latest version is 1.5.3
2024-01-25 13:42:10 App is up to date.
2024-01-25 14:41:51 Checking for update using Github
2024-01-25 14:41:51 Success.
2024-01-25 14:41:51 Latest version is 1.5.3
2024-01-25 14:41:51 App is up to date.
2024-01-27 09:06:26 Loading main app package /tmp/.mount_ObsidiyGp0lx/resources/obsidian.asar
2024-01-27 09:06:26 Checking for update using Github
2024-01-27 09:06:29 Success.
2024-01-27 09:06:29 Latest version is 1.5.3
2024-01-27 09:06:29 App is up to date.
2024-01-27 10:11:52 Loading main app package /tmp/.mount_Obsidi8Y2uVo/resources/obsidian.asar
2024-01-27 10:11:52 Checking for update using Github
2024-01-27 10:11:52 Success.
2024-01-27 10:11:52 Latest version is 1.5.3
2024-01-27 10:11:52 App is up to date.
2024-01-27 11:11:52 Checking for update using Github
2024-01-27 11:11:53 Success.
2024-01-27 11:11:53 Latest version is 1.5.3
2024-01-27 11:11:53 App is up to date.
2024-01-27 12:11:52 Checking for update using Github
2024-01-27 12:11:53 Success.
2024-01-27 12:11:53 Latest version is 1.5.3
2024-01-27 12:11:53 App is up to date.
2024-01-27 13:11:52 Checking for update using Github
2024-01-27 13:11:53 Success.
2024-01-27 13:11:53 Latest version is 1.5.3
2024-01-27 13:11:53 App is up to date.
2024-01-27 14:11:52 Checking for update using Github
2024-01-27 14:11:59 Failed to check for update using Github (net::ERR_NETWORK_CHANGED)
2024-01-27 14:11:59 Checking for update using obsidian.md
2024-01-27 14:12:00 Failed to check for update using obsidian.md (net::ERR_NETWORK_CHANGED)
2024-01-27 15:11:52 Checking for update using Github
2024-01-27 15:11:52 Failed to check for update using Github (net::ERR_INTERNET_DISCONNECTED)
2024-01-27 15:11:52 Checking for update using obsidian.md
2024-01-27 15:11:52 Failed to check for update using obsidian.md (net::ERR_INTERNET_DISCONNECTED)
2024-01-28 10:57:34 Loading main app package /tmp/.mount_Obsidivgqpkf/resources/obsidian.asar
2024-01-28 10:57:34 Checking for update using Github
2024-01-28 10:57:35 Success.
2024-01-28 10:57:35 Latest version is 1.5.3
2024-01-28 10:57:35 App is up to date.
2024-01-28 11:57:34 Checking for update using Github
2024-01-28 11:57:34 Success.
2024-01-28 11:57:34 Latest version is 1.5.3
2024-01-28 11:57:34 App is up to date.
2024-01-28 12:57:34 Checking for update using Github
2024-01-28 12:57:34 Success.
2024-01-28 12:57:34 Latest version is 1.5.3
2024-01-28 12:57:34 App is up to date.
2024-02-01 10:58:11 Loading main app package /tmp/.mount_ObsidiaeBZ4K/resources/obsidian.asar
2024-02-01 10:58:12 Checking for update using Github
2024-02-01 10:58:13 Success.
2024-02-01 10:58:13 Latest version is 1.5.3
2024-02-01 10:58:13 App is up to date.
2024-02-10 19:18:02 Loading main app package /tmp/.mount_Obsidi3FPweb/resources/obsidian.asar
2024-02-10 19:18:03 Checking for update using Github
2024-02-10 19:18:09 Success.
2024-02-10 19:18:09 Latest version is 1.5.3
2024-02-10 19:18:09 App is up to date.
2024-02-10 20:18:03 Checking for update using Github
2024-02-10 20:18:03 Success.
2024-02-10 20:18:03 Latest version is 1.5.3
2024-02-10 20:18:03 App is up to date.
2024-02-10 21:18:03 Checking for update using Github
2024-02-10 21:18:03 Success.
2024-02-10 21:18:03 Latest version is 1.5.3
2024-02-10 21:18:03 App is up to date.
2024-02-10 22:18:03 Checking for update using Github
2024-02-10 22:18:03 Failed to check for update using Github (net::ERR_INTERNET_DISCONNECTED)
2024-02-10 22:18:03 Checking for update using obsidian.md
2024-02-10 22:18:03 Failed to check for update using obsidian.md (net::ERR_INTERNET_DISCONNECTED)
2024-02-10 23:18:03 Checking for update using Github
2024-02-10 23:18:03 Failed to check for update using Github (net::ERR_INTERNET_DISCONNECTED)
2024-02-10 23:18:03 Checking for update using obsidian.md
2024-02-10 23:18:03 Failed to check for update using obsidian.md (net::ERR_INTERNET_DISCONNECTED)
2024-02-11 00:18:03 Checking for update using Github
2024-02-11 00:18:03 Failed to check for update using Github (net::ERR_INTERNET_DISCONNECTED)
2024-02-11 00:18:03 Checking for update using obsidian.md
2024-02-11 00:18:03 Failed to check for update using obsidian.md (net::ERR_INTERNET_DISCONNECTED)
2024-02-11 01:18:03 Checking for update using Github
2024-02-11 01:18:03 Failed to check for update using Github (net::ERR_INTERNET_DISCONNECTED)
2024-02-11 01:18:03 Checking for update using obsidian.md
2024-02-11 01:18:03 Failed to check for update using obsidian.md (net::ERR_INTERNET_DISCONNECTED)
2024-02-11 02:18:03 Checking for update using Github
2024-02-11 02:18:03 Failed to check for update using Github (net::ERR_INTERNET_DISCONNECTED)
2024-02-11 02:18:03 Checking for update using obsidian.md
2024-02-11 02:18:03 Failed to check for update using obsidian.md (net::ERR_INTERNET_DISCONNECTED)
2024-02-11 03:18:03 Checking for update using Github
2024-02-11 03:18:03 Failed to check for update using Github (net::ERR_INTERNET_DISCONNECTED)
2024-02-11 03:18:03 Checking for update using obsidian.md
2024-02-11 03:18:03 Failed to check for update using obsidian.md (net::ERR_INTERNET_DISCONNECTED)
2024-02-11 04:18:03 Checking for update using Github
2024-02-11 04:18:03 Failed to check for update using Github (net::ERR_INTERNET_DISCONNECTED)
2024-02-11 04:18:03 Checking for update using obsidian.md
2024-02-11 04:18:03 Failed to check for update using obsidian.md (net::ERR_INTERNET_DISCONNECTED)
2024-02-11 05:18:03 Checking for update using Github
2024-02-11 05:18:03 Failed to check for update using Github (net::ERR_INTERNET_DISCONNECTED)
2024-02-11 05:18:03 Checking for update using obsidian.md
2024-02-11 05:18:03 Failed to check for update using obsidian.md (net::ERR_INTERNET_DISCONNECTED)
2024-02-11 06:18:03 Checking for update using Github
2024-02-11 06:18:03 Failed to check for update using Github (net::ERR_INTERNET_DISCONNECTED)
2024-02-11 06:18:03 Checking for update using obsidian.md
2024-02-11 06:18:03 Failed to check for update using obsidian.md (net::ERR_INTERNET_DISCONNECTED)
2024-02-11 07:18:03 Checking for update using Github
2024-02-11 07:18:03 Failed to check for update using Github (net::ERR_INTERNET_DISCONNECTED)
2024-02-11 07:18:03 Checking for update using obsidian.md
2024-02-11 07:18:03 Failed to check for update using obsidian.md (net::ERR_INTERNET_DISCONNECTED)
2024-02-11 08:18:02 Checking for update using Github
2024-02-11 08:18:03 Success.
2024-02-11 08:18:03 Latest version is 1.5.3
2024-02-11 08:18:03 App is up to date.
2024-02-11 09:18:02 Checking for update using Github
2024-02-11 09:18:03 Success.
2024-02-11 09:18:03 Latest version is 1.5.3
2024-02-11 09:18:03 App is up to date.
2024-02-11 10:18:02 Checking for update using Github
2024-02-11 10:18:04 Success.
2024-02-11 10:18:04 Latest version is 1.5.3
2024-02-11 10:18:04 App is up to date.
2024-02-11 11:18:02 Checking for update using Github
2024-02-11 11:18:02 Failed to check for update using Github (net::ERR_INTERNET_DISCONNECTED)
2024-02-11 11:18:02 Checking for update using obsidian.md
2024-02-11 11:18:02 Failed to check for update using obsidian.md (net::ERR_INTERNET_DISCONNECTED)
2024-02-11 12:18:02 Checking for update using Github
2024-02-11 12:18:02 Failed to check for update using Github (net::ERR_INTERNET_DISCONNECTED)
2024-02-11 12:18:02 Checking for update using obsidian.md
2024-02-11 12:18:02 Failed to check for update using obsidian.md (net::ERR_INTERNET_DISCONNECTED)
2024-02-11 13:18:03 Checking for update using Github
2024-02-11 13:18:03 Failed to check for update using Github (net::ERR_INTERNET_DISCONNECTED)
2024-02-11 13:18:03 Checking for update using obsidian.md
2024-02-11 13:18:03 Failed to check for update using obsidian.md (net::ERR_INTERNET_DISCONNECTED)
2024-02-11 14:18:03 Checking for update using Github
2024-02-11 14:18:03 Failed to check for update using Github (net::ERR_INTERNET_DISCONNECTED)
2024-02-11 14:18:03 Checking for update using obsidian.md
2024-02-11 14:18:03 Failed to check for update using obsidian.md (net::ERR_INTERNET_DISCONNECTED)
2024-02-11 15:18:03 Checking for update using Github
2024-02-11 15:18:03 Failed to check for update using Github (net::ERR_INTERNET_DISCONNECTED)
2024-02-11 15:18:03 Checking for update using obsidian.md
2024-02-11 15:18:03 Failed to check for update using obsidian.md (net::ERR_INTERNET_DISCONNECTED)
2024-02-11 16:18:03 Checking for update using Github
2024-02-11 16:18:03 Success.
2024-02-11 16:18:03 Latest version is 1.5.3
2024-02-11 16:18:03 App is up to date.
2024-02-11 17:18:03 Checking for update using Github
2024-02-11 17:18:03 Failed to check for update using Github (net::ERR_INTERNET_DISCONNECTED)
2024-02-11 17:18:03 Checking for update using obsidian.md
2024-02-11 17:18:03 Failed to check for update using obsidian.md (net::ERR_INTERNET_DISCONNECTED)
2024-02-11 18:18:03 Checking for update using Github
2024-02-11 18:18:03 Failed to check for update using Github (net::ERR_INTERNET_DISCONNECTED)
2024-02-11 18:18:03 Checking for update using obsidian.md
2024-02-11 18:18:03 Failed to check for update using obsidian.md (net::ERR_INTERNET_DISCONNECTED)
2024-02-11 19:18:03 Checking for update using Github
2024-02-11 19:18:03 Failed to check for update using Github (net::ERR_INTERNET_DISCONNECTED)
2024-02-11 19:18:03 Checking for update using obsidian.md
2024-02-11 19:18:03 Failed to check for update using obsidian.md (net::ERR_INTERNET_DISCONNECTED)
2024-02-11 20:18:03 Checking for update using Github
2024-02-11 20:18:03 Failed to check for update using Github (net::ERR_INTERNET_DISCONNECTED)
2024-02-11 20:18:03 Checking for update using obsidian.md
2024-02-11 20:18:03 Failed to check for update using obsidian.md (net::ERR_INTERNET_DISCONNECTED)
2024-02-11 21:18:03 Checking for update using Github
2024-02-11 21:18:03 Failed to check for update using Github (net::ERR_INTERNET_DISCONNECTED)
2024-02-11 21:18:03 Checking for update using obsidian.md
2024-02-11 21:18:03 Failed to check for update using obsidian.md (net::ERR_INTERNET_DISCONNECTED)
2024-02-12 13:41:03 Loading main app package /tmp/.mount_Obsidi17XHA5/resources/obsidian.asar
2024-02-12 13:41:04 Checking for update using Github
2024-02-12 13:41:04 Success.
2024-02-12 13:41:04 Latest version is 1.5.3
2024-02-12 13:41:04 App is up to date.
2024-02-12 13:41:15 Loading main app package /tmp/.mount_ObsidiM98WgW/resources/obsidian.asar
2024-02-12 13:41:15 Checking for update using Github
2024-02-12 14:41:03 Checking for update using Github
2024-02-12 14:41:04 Success.
2024-02-12 14:41:04 Latest version is 1.5.3
2024-02-12 14:41:04 App is up to date.
2024-02-12 15:41:04 Checking for update using Github
2024-02-12 15:41:04 Failed to check for update using Github (net::ERR_INTERNET_DISCONNECTED)
2024-02-12 15:41:04 Checking for update using obsidian.md
2024-02-12 15:41:04 Failed to check for update using obsidian.md (net::ERR_INTERNET_DISCONNECTED)
2024-02-12 16:41:04 Checking for update using Github
2024-02-12 16:41:04 Failed to check for update using Github (net::ERR_INTERNET_DISCONNECTED)
2024-02-12 16:41:04 Checking for update using obsidian.md
2024-02-12 16:41:04 Failed to check for update using obsidian.md (net::ERR_INTERNET_DISCONNECTED)
2024-02-12 17:41:04 Checking for update using Github
2024-02-12 17:41:04 Failed to check for update using Github (net::ERR_INTERNET_DISCONNECTED)
2024-02-12 17:41:04 Checking for update using obsidian.md
2024-02-12 17:41:04 Failed to check for update using obsidian.md (net::ERR_INTERNET_DISCONNECTED)
2024-02-12 18:41:04 Checking for update using Github
2024-02-12 18:41:04 Failed to check for update using Github (net::ERR_INTERNET_DISCONNECTED)
2024-02-12 18:41:04 Checking for update using obsidian.md
2024-02-12 18:41:04 Failed to check for update using obsidian.md (net::ERR_INTERNET_DISCONNECTED)
2024-02-12 19:41:04 Checking for update using Github
2024-02-12 19:41:04 Failed to check for update using Github (net::ERR_INTERNET_DISCONNECTED)
2024-02-12 19:41:04 Checking for update using obsidian.md
2024-02-12 19:41:04 Failed to check for update using obsidian.md (net::ERR_INTERNET_DISCONNECTED)
2024-02-12 20:41:04 Checking for update using Github
2024-02-12 20:41:04 Failed to check for update using Github (net::ERR_INTERNET_DISCONNECTED)
2024-02-12 20:41:04 Checking for update using obsidian.md
2024-02-12 20:41:04 Failed to check for update using obsidian.md (net::ERR_INTERNET_DISCONNECTED)
2024-02-12 21:41:04 Checking for update using Github
2024-02-12 21:41:04 Failed to check for update using Github (net::ERR_INTERNET_DISCONNECTED)
2024-02-12 21:41:04 Checking for update using obsidian.md
2024-02-12 21:41:04 Failed to check for update using obsidian.md (net::ERR_INTERNET_DISCONNECTED)
2024-02-12 22:41:04 Checking for update using Github
2024-02-12 22:41:04 Failed to check for update using Github (net::ERR_INTERNET_DISCONNECTED)
2024-02-12 22:41:04 Checking for update using obsidian.md
2024-02-12 22:41:04 Failed to check for update using obsidian.md (net::ERR_INTERNET_DISCONNECTED)
2024-02-12 23:41:04 Checking for update using Github
2024-02-12 23:41:04 Failed to check for update using Github (net::ERR_INTERNET_DISCONNECTED)
2024-02-12 23:41:04 Checking for update using obsidian.md
2024-02-12 23:41:04 Failed to check for update using obsidian.md (net::ERR_INTERNET_DISCONNECTED)
2024-02-13 00:41:04 Checking for update using Github
2024-02-13 00:41:04 Failed to check for update using Github (net::ERR_INTERNET_DISCONNECTED)
2024-02-13 00:41:04 Checking for update using obsidian.md
2024-02-13 00:41:04 Failed to check for update using obsidian.md (net::ERR_INTERNET_DISCONNECTED)
2024-02-13 01:41:04 Checking for update using Github
2024-02-13 01:41:04 Failed to check for update using Github (net::ERR_INTERNET_DISCONNECTED)
2024-02-13 01:41:04 Checking for update using obsidian.md
2024-02-13 01:41:04 Failed to check for update using obsidian.md (net::ERR_INTERNET_DISCONNECTED)
2024-02-13 02:41:04 Checking for update using Github
2024-02-13 02:41:04 Failed to check for update using Github (net::ERR_INTERNET_DISCONNECTED)
2024-02-13 02:41:04 Checking for update using obsidian.md
2024-02-13 02:41:04 Failed to check for update using obsidian.md (net::ERR_INTERNET_DISCONNECTED)
2024-02-13 03:41:04 Checking for update using Github
2024-02-13 03:41:04 Failed to check for update using Github (net::ERR_INTERNET_DISCONNECTED)
2024-02-13 03:41:04 Checking for update using obsidian.md
2024-02-13 03:41:04 Failed to check for update using obsidian.md (net::ERR_INTERNET_DISCONNECTED)
2024-02-13 04:41:05 Checking for update using Github
2024-02-13 04:41:05 Failed to check for update using Github (net::ERR_INTERNET_DISCONNECTED)
2024-02-13 04:41:05 Checking for update using obsidian.md
2024-02-13 04:41:05 Failed to check for update using obsidian.md (net::ERR_INTERNET_DISCONNECTED)
2024-02-13 05:41:05 Checking for update using Github
2024-02-13 05:41:05 Failed to check for update using Github (net::ERR_INTERNET_DISCONNECTED)
2024-02-13 05:41:05 Checking for update using obsidian.md
2024-02-13 05:41:05 Failed to check for update using obsidian.md (net::ERR_INTERNET_DISCONNECTED)
2024-02-13 06:41:05 Checking for update using Github
2024-02-13 06:41:05 Failed to check for update using Github (net::ERR_INTERNET_DISCONNECTED)
2024-02-13 06:41:05 Checking for update using obsidian.md
2024-02-13 06:41:05 Failed to check for update using obsidian.md (net::ERR_INTERNET_DISCONNECTED)
2024-02-13 07:41:05 Checking for update using Github
2024-02-13 07:41:05 Failed to check for update using Github (net::ERR_INTERNET_DISCONNECTED)
2024-02-13 07:41:05 Checking for update using obsidian.md
2024-02-13 07:41:05 Failed to check for update using obsidian.md (net::ERR_INTERNET_DISCONNECTED)
2024-02-13 08:41:05 Checking for update using Github
2024-02-13 08:41:05 Failed to check for update using Github (net::ERR_INTERNET_DISCONNECTED)
2024-02-13 08:41:05 Checking for update using obsidian.md
2024-02-13 08:41:05 Failed to check for update using obsidian.md (net::ERR_INTERNET_DISCONNECTED)
2024-02-13 09:41:05 Checking for update using Github
2024-02-13 09:41:05 Failed to check for update using Github (net::ERR_INTERNET_DISCONNECTED)
2024-02-13 09:41:05 Checking for update using obsidian.md
2024-02-13 09:41:05 Failed to check for update using obsidian.md (net::ERR_INTERNET_DISCONNECTED)
2024-02-13 10:41:05 Checking for update using Github
2024-02-13 10:41:05 Failed to check for update using Github (net::ERR_INTERNET_DISCONNECTED)
2024-02-13 10:41:05 Checking for update using obsidian.md
2024-02-13 10:41:05 Failed to check for update using obsidian.md (net::ERR_INTERNET_DISCONNECTED)
2024-03-01 04:21:54 Loading main app package /tmp/.mount_ObsidivEsj5Z/resources/obsidian.asar
2024-03-01 04:21:55 Checking for update using Github
2024-03-01 04:21:55 Success.
2024-03-01 04:21:55 Latest version is 1.5.8
2024-03-01 04:21:55 Downloading update from https://github.com/obsidianmd/obsidian-releases/releases/download/v1.5.8/obsidian-1.5.8.asar.gz
2024-03-01 04:21:59 Verifying hash & signature. Size= 8652806
2024-03-01 04:21:59 Saving file
2024-03-01 04:22:00 Update complete.
